# JRE version: Java(TM) SE Runtime Environment (8.0_20-b26) (build 1.8.0_20-b26)
# Java VM: Java HotSpot(TM) 64-Bit Server VM (25.20-b23 mixed mode windows-amd64 compressed oops)
Heap:
 PSYoungGen      total 406016K, used 96650K [0x000000076b500000, 0x0000000785280000, 0x00000007c0000000)
  eden space 397824K, 24% used [0x000000076b500000,0x0000000771362b20,0x0000000783980000)
  from space 8192K, 0% used [0x0000000784a80000,0x0000000784a80000,0x0000000785280000)
  to   space 10752K, 0% used [0x0000000783d80000,0x0000000783d80000,0x0000000784800000)
 ParOldGen       total 158208K, used 13000K [0x00000006c1e00000, 0x00000006cb880000, 0x000000076b500000)
  object space 158208K, 8% used [0x00000006c1e00000,0x00000006c2ab2100,0x00000006cb880000)
 Metaspace       used 38965K, capacity 39299K, committed 39424K, reserved 1083392K
  class space    used 5251K, capacity 5343K, committed 5376K, reserved 1048576K
GC Heap History (10 events):
Event: 2.437 GC heap before
{Heap before GC invocations=6 (full 0):
 PSYoungGen      total 141824K, used 57530K [0x000000076b500000, 0x000000077c600000, 0x00000007c0000000)
  eden space 131072K, 38% used [0x000000076b500000,0x000000076e5ddfd8,0x0000000773500000)
  from space 10752K, 69% used [0x0000000773500000,0x0000000773c50908,0x0000000773f80000)
  to   space 8704K, 0% used [0x000000077bd80000,0x000000077bd80000,0x000000077c600000)
 ParOldGen       total 175104K, used 112K [0x00000006c1e00000, 0x00000006cc900000, 0x000000076b500000)
  object space 175104K, 0% used [0x00000006c1e00000,0x00000006c1e1c028,0x00000006cc900000)
 Metaspace       used 21028K, capacity 21200K, committed 21296K, reserved 1067008K
  class space    used 2841K, capacity 2896K, committed 2944K, reserved 1048576K
Event: 2.442 GC heap after
Heap after GC invocations=6 (full 0):
 PSYoungGen      total 270848K, used 7571K [0x000000076b500000, 0x000000077c600000, 0x00000007c0000000)
  eden space 262144K, 0% used [0x000000076b500000,0x000000076b500000,0x000000077b500000)
  from space 8704K, 86% used [0x000000077bd80000,0x000000077c4e4db0,0x000000077c600000)
  to   space 8704K, 0% used [0x000000077b500000,0x000000077b500000,0x000000077bd80000)
 ParOldGen       total 175104K, used 120K [0x00000006c1e00000, 0x00000006cc900000, 0x000000076b500000)
  object space 175104K, 0% used [0x00000006c1e00000,0x00000006c1e1e028,0x00000006cc900000)
 Metaspace       used 21028K, capacity 21200K, committed 21296K, reserved 1067008K
  class space    used 2841K, capacity 2896K, committed 2944K, reserved 1048576K
}
Event: 2.442 GC heap before
{Heap before GC invocations=7 (full 1):
 PSYoungGen      total 270848K, used 7571K [0x000000076b500000, 0x000000077c600000, 0x00000007c0000000)
  eden space 262144K, 0% used [0x000000076b500000,0x000000076b500000,0x000000077b500000)
  from space 8704K, 86% used [0x000000077bd80000,0x000000077c4e4db0,0x000000077c600000)
  to   space 8704K, 0% used [0x000000077b500000,0x000000077b500000,0x000000077bd80000)
 ParOldGen       total 175104K, used 120K [0x00000006c1e00000, 0x00000006cc900000, 0x000000076b500000)
  object space 175104K, 0% used [0x00000006c1e00000,0x00000006c1e1e028,0x00000006cc900000)
 Metaspace       used 21028K, capacity 21200K, committed 21296K, reserved 1067008K
  class space    used 2841K, capacity 2896K, committed 2944K, reserved 1048576K
Event: 2.472 GC heap after
Heap after GC invocations=7 (full 1):
 PSYoungGen      total 270848K, used 0K [0x000000076b500000, 0x000000077c600000, 0x00000007c0000000)
  eden space 262144K, 0% used [0x000000076b500000,0x000000076b500000,0x000000077b500000)
  from space 8704K, 0% used [0x000000077bd80000,0x000000077bd80000,0x000000077c600000)
  to   space 8704K, 0% used [0x000000077b500000,0x000000077b500000,0x000000077bd80000)
 ParOldGen       total 101376K, used 7393K [0x00000006c1e00000, 0x00000006c8100000, 0x000000076b500000)
  object space 101376K, 7% used [0x00000006c1e00000,0x00000006c2538588,0x00000006c8100000)
 Metaspace       used 21028K, capacity 21200K, committed 21296K, reserved 1067008K
  class space    used 2841K, capacity 2896K, committed 2944K, reserved 1048576K
}
Event: 3.743 GC heap before
{Heap before GC invocations=8 (full 1):
 PSYoungGen      total 270848K, used 262144K [0x000000076b500000, 0x000000077c600000, 0x00000007c0000000)
  eden space 262144K, 100% used [0x000000076b500000,0x000000077b500000,0x000000077b500000)
  from space 8704K, 0% used [0x000000077bd80000,0x000000077bd80000,0x000000077c600000)
  to   space 8704K, 0% used [0x000000077b500000,0x000000077b500000,0x000000077bd80000)
 ParOldGen       total 101376K, used 7393K [0x00000006c1e00000, 0x00000006c8100000, 0x000000076b500000)
  object space 101376K, 7% used [0x00000006c1e00000,0x00000006c2538588,0x00000006c8100000)
 Metaspace       used 32038K, capacity 32201K, committed 32512K, reserved 1077248K
  class space    used 4236K, capacity 4283K, committed 4352K, reserved 1048576K
Event: 3.755 GC heap after
Heap after GC invocations=8 (full 1):
 PSYoungGen      total 270848K, used 8681K [0x000000076b500000, 0x0000000785500000, 0x00000007c0000000)
  eden space 262144K, 0% used [0x000000076b500000,0x000000076b500000,0x000000077b500000)
  from space 8704K, 99% used [0x000000077b500000,0x000000077bd7a548,0x000000077bd80000)
  to   space 10752K, 0% used [0x0000000784a80000,0x0000000784a80000,0x0000000785500000)
 ParOldGen       total 101376K, used 10298K [0x00000006c1e00000, 0x00000006c8100000, 0x000000076b500000)
  object space 101376K, 10% used [0x00000006c1e00000,0x00000006c280e830,0x00000006c8100000)
 Metaspace       used 32038K, capacity 32201K, committed 32512K, reserved 1077248K
  class space    used 4236K, capacity 4283K, committed 4352K, reserved 1048576K
}
Event: 4.318 GC heap before
{Heap before GC invocations=9 (full 1):
 PSYoungGen      total 270848K, used 83946K [0x000000076b500000, 0x0000000785500000, 0x00000007c0000000)
  eden space 262144K, 28% used [0x000000076b500000,0x000000076fe80550,0x000000077b500000)
  from space 8704K, 99% used [0x000000077b500000,0x000000077bd7a548,0x000000077bd80000)
  to   space 10752K, 0% used [0x0000000784a80000,0x0000000784a80000,0x0000000785500000)
 ParOldGen       total 101376K, used 10298K [0x00000006c1e00000, 0x00000006c8100000, 0x000000076b500000)
  object space 101376K, 10% used [0x00000006c1e00000,0x00000006c280e830,0x00000006c8100000)
 Metaspace       used 35133K, capacity 35331K, committed 35496K, reserved 1079296K
  class space    used 4719K, capacity 4779K, committed 4864K, reserved 1048576K
Event: 4.323 GC heap after
Heap after GC invocations=9 (full 1):
 PSYoungGen      total 406016K, used 7779K [0x000000076b500000, 0x0000000785280000, 0x00000007c0000000)
  eden space 397824K, 0% used [0x000000076b500000,0x000000076b500000,0x0000000783980000)
  from space 8192K, 94% used [0x0000000784a80000,0x0000000785218df8,0x0000000785280000)
  to   space 10752K, 0% used [0x0000000783d80000,0x0000000783d80000,0x0000000784800000)
 ParOldGen       total 101376K, used 10306K [0x00000006c1e00000, 0x00000006c8100000, 0x000000076b500000)
  object space 101376K, 10% used [0x00000006c1e00000,0x00000006c2810830,0x00000006c8100000)
 Metaspace       used 35133K, capacity 35331K, committed 35496K, reserved 1079296K
  class space    used 4719K, capacity 4779K, committed 4864K, reserved 1048576K
}
Event: 4.323 GC heap before
{Heap before GC invocations=10 (full 2):
 PSYoungGen      total 406016K, used 7779K [0x000000076b500000, 0x0000000785280000, 0x00000007c0000000)
  eden space 397824K, 0% used [0x000000076b500000,0x000000076b500000,0x0000000783980000)
  from space 8192K, 94% used [0x0000000784a80000,0x0000000785218df8,0x0000000785280000)
  to   space 10752K, 0% used [0x0000000783d80000,0x0000000783d80000,0x0000000784800000)
 ParOldGen       total 101376K, used 10306K [0x00000006c1e00000, 0x00000006c8100000, 0x000000076b500000)
  object space 101376K, 10% used [0x00000006c1e00000,0x00000006c2810830,0x00000006c8100000)
 Metaspace       used 35133K, capacity 35331K, committed 35496K, reserved 1079296K
  class space    used 4719K, capacity 4779K, committed 4864K, reserved 1048576K
Event: 4.355 GC heap after
Heap after GC invocations=10 (full 2):
 PSYoungGen      total 406016K, used 0K [0x000000076b500000, 0x0000000785280000, 0x00000007c0000000)
  eden space 397824K, 0% used [0x000000076b500000,0x000000076b500000,0x0000000783980000)
  from space 8192K, 0% used [0x0000000784a80000,0x0000000784a80000,0x0000000785280000)
  to   space 10752K, 0% used [0x0000000783d80000,0x0000000783d80000,0x0000000784800000)
 ParOldGen       total 158208K, used 13000K [0x00000006c1e00000, 0x00000006cb880000, 0x000000076b500000)
  object space 158208K, 8% used [0x00000006c1e00000,0x00000006c2ab2100,0x00000006cb880000)
 Metaspace       used 35133K, capacity 35331K, committed 35496K, reserved 1079296K
  class space    used 4719K, capacity 4779K, committed 4864K, reserved 1048576K
}

